<?xml version="1.0" encoding="UTF-8"?>
<testng-results ignored="0" total="1" passed="1" failed="0" skipped="0">
  <reporter-output>
  </reporter-output>
  <suite started-at="2023-07-12T05:43:24Z" name="Default suite" finished-at="2023-07-12T05:43:30Z" duration-ms="6115">
    <groups>
    </groups>
    <test started-at="2023-07-12T05:43:24Z" name="Default test" finished-at="2023-07-12T05:43:30Z" duration-ms="6115">
      <class name="com.lambdatest.TestNGTodo2">
        <test-method is-config="true" signature="setup(java.lang.reflect.Method, org.testng.ITestContext)[pri:0, instance:com.lambdatest.TestNGTodo2@121314f7]" started-at="2023-07-12T05:43:24Z" name="setup" finished-at="2023-07-12T05:43:26Z" duration-ms="2323" status="PASS">
          <params>
            <param index="0">
              <value>
                <![CDATA[public void com.lambdatest.TestNGTodo2.basicTest() throws java.lang.InterruptedException]]>
              </value>
            </param>
            <param index="1">
              <value>
                <![CDATA[org.testng.TestRunner@5f18f9d2]]>
              </value>
            </param>
          </params>
          <reporter-output>
          </reporter-output>
        </test-method> <!-- setup -->
        <test-method signature="basicTest()[pri:0, instance:com.lambdatest.TestNGTodo2@121314f7]" started-at="2023-07-12T05:43:26Z" name="basicTest" finished-at="2023-07-12T05:43:29Z" duration-ms="2976" status="PASS">
          <reporter-output>
          </reporter-output>
        </test-method> <!-- basicTest -->
        <test-method is-config="true" signature="tearDown()[pri:0, instance:com.lambdatest.TestNGTodo2@121314f7]" started-at="2023-07-12T05:43:29Z" name="tearDown" finished-at="2023-07-12T05:43:30Z" duration-ms="777" status="PASS">
          <reporter-output>
          </reporter-output>
        </test-method> <!-- tearDown -->
      </class> <!-- com.lambdatest.TestNGTodo2 -->
    </test> <!-- Default test -->
  </suite> <!-- Default suite -->
</testng-results>
